UG to IGES
! INFO-     NX V10.0 / IGES Specification 5.3
! INFO-      
! INFO-     Start of Translation: 23-APR-2021  7:16:56 PM
! INFO-      
! STATUS-   Converting Part: C:\Users\LXW\Desktop\物理光学法\算例\Five_spheres\5qiu.prt
! SUMMARY-   
! SUMMARY-  Summary of Unigraphics Input Entities
! SUMMARY-  For Part: C:\Users\LXW\Desktop\物理光学法\算例\Five_spheres\5qiu.prt 
! SUMMARY-  Entities Processed             Count
! SUMMARY-  ------------------             -----
! SUMMARY-  B-Curve .....................:    30
! SUMMARY-  Part Attribute ..............:     1
! SUMMARY-  Layer Category ..............:     6
! SUMMARY-  Font ........................:     2
! SUMMARY-  Color Table .................:     2
! SUMMARY-  Coordinate System ...........:     1
! SUMMARY-  Parameter ...................:     2
! SUMMARY-  Matrix ......................:     8
! SUMMARY-  View ........................:     8
! SUMMARY-  Layout ......................:     5
! SUMMARY-  Solid .......................:
! SUMMARY-     Face .....................:     5
! SUMMARY-  Trim Curve ..................:     5
! SUMMARY-                                 -----
! SUMMARY-  Total                             75
! STATUS-    
! STATUS-   Converting to Output Form (Phase 2 of 3): 23-APR-2021 7:16:56 PM
! STATUS-    
! STATUS-   Creating the IGES file (Phase 3 of 3): 23-APR-2021  7:16:56 PM
! SUMMARY-   
! SUMMARY-  Summary of IGES Output Entities
! SUMMARY-   
! SUMMARY-  Entities Processed             Count
! SUMMARY-  ------------------             -----
! SUMMARY-  BSpline Curve ................    30
! SUMMARY-  Composite Curve ..............    10
! SUMMARY-  Curve on Surface .............     5
! SUMMARY-  Plane ........................
! SUMMARY-      Unbounded ................    32
! SUMMARY-  Trimmed Surface ..............     5
! SUMMARY-  BSpline Surface ..............     5
! SUMMARY-  Color ........................     1
! SUMMARY-  Name .........................     8
! SUMMARY-  Transformation ...............     8
! SUMMARY-  Definition Levels ............     5
! SUMMARY-  Level Function ...............     5
! SUMMARY-  View .........................     8
! SUMMARY-                                 -----
! SUMMARY-  Total                            122
! INFO-      
! INFO-     End of Translation: 23-APR-2021  7:16:57 PM
! INFO-      
