UG to IGES
! INFO-     NX V10.0 / IGES Specification 5.3
! INFO-      
! INFO-     Start of Translation: 23-APR-2021  6:27:50 PM
! INFO-      
! STATUS-   Converting Part: C:\Users\LXW\Desktop\物理光学法\算例\complex_model\pixel.prt
! SUMMARY-   
! SUMMARY-  Summary of Unigraphics Input Entities
! SUMMARY-  For Part: C:\Users\LXW\Desktop\物理光学法\算例\complex_model\pixel.prt 
! SUMMARY-  Entities Processed             Count
! SUMMARY-  ------------------             -----
! SUMMARY-  Point .......................:   143
! SUMMARY-  Line ........................:   120
! SUMMARY-  Arc/Circle ..................:     9
! SUMMARY-  B-Curve .....................:   161
! SUMMARY-  Part Attribute ..............:     1
! SUMMARY-  Layer Category ..............:     1
! SUMMARY-  Font ........................:     1
! SUMMARY-  Color Table .................:     2
! SUMMARY-  Coordinate System ...........:     1
! SUMMARY-  Parameter ...................:     2
! SUMMARY-  Matrix ......................:    10
! SUMMARY-  View ........................:     8
! SUMMARY-  Layout ......................:     5
! SUMMARY-  Solid .......................:
! SUMMARY-     Face .....................:    22
! SUMMARY-  Trim Curve ..................:    25
! SUMMARY-                                 -----
! SUMMARY-  Total                            511
! STATUS-    
! STATUS-   Converting to Output Form (Phase 2 of 3): 23-APR-2021 6:27:51 PM
! STATUS-    
! STATUS-   Creating the IGES file (Phase 3 of 3): 23-APR-2021  6:27:51 PM
! SUMMARY-   
! SUMMARY-  Summary of IGES Output Entities
! SUMMARY-   
! SUMMARY-  Entities Processed             Count
! SUMMARY-  ------------------             -----
! SUMMARY-  Point ........................   143
! SUMMARY-  Arc ..........................     9
! SUMMARY-  Line .........................   120
! SUMMARY-  BSpline Curve ................   161
! SUMMARY-  Composite Curve ..............    48
! SUMMARY-  Curve on Surface .............    25
! SUMMARY-  Plane ........................
! SUMMARY-      Unbounded ................    32
! SUMMARY-  Trimmed Surface ..............    22
! SUMMARY-  BSpline Surface ..............    22
! SUMMARY-  Color ........................     5
! SUMMARY-  Name .........................     8
! SUMMARY-  Transformation ...............    10
! SUMMARY-  View .........................     8
! SUMMARY-                                 -----
! SUMMARY-  Total                            613
! INFO-      
! INFO-     End of Translation: 23-APR-2021  6:27:51 PM
! INFO-      
